2022-08-12 09:30:49,630 INFO EMERALD 
    ******
    EMERALD v0.2.4
    ******
2022-08-12 09:30:49,631 INFO EMERALD outdir: /Users/fragoso/Work/emeraldBGC/BGC0001472.fna.emerald
2022-08-12 09:30:49,631 INFO EMERALD preprocessing files
2022-08-12 09:30:49,636 INFO EMERALD.modules.Preproc fasta sequence file detected
2022-08-12 09:30:49,636 INFO EMERALD.modules.Preproc Progial gene prediction...
2022-08-12 09:30:49,794 INFO EMERALD.modules.Preproc -------------------------------------
PRODIGAL v2.6.3 [February, 2016]         
Univ of Tenn / Oak Ridge National Lab
Doug Hyatt, Loren Hauser, et al.     
-------------------------------------
Request:  Metagenomic, Phase:  Training
Initializing training files...done!
-------------------------------------
Request:  Metagenomic, Phase:  Gene Finding
Finding genes in sequence #1 (19486 bp)...done!

2022-08-12 09:30:49,794 INFO EMERALD.modules.Preproc Removing asterix from prodigal faa
2022-08-12 09:30:49,795 INFO EMERALD.modules.Preproc emerald functional annotation...
2022-08-12 09:30:49,796 INFO EMERALD.modules.Preproc hmmscan --domtblout /Users/fragoso/Work/emeraldBGC/BGC0001472.fna.emerald/BGC0001472.fna.prodigal.faa.emerald.tsv --cut_ga --cpu 1 /Users/fragoso/Work/emeraldBGC/emeraldbgc/modules/../models/hmm_lib/emerald.hmm /Users/fragoso/Work/emeraldBGC/BGC0001472.fna.emerald/BGC0001472.fna.prodigal.faa
2022-08-12 09:30:50,322 INFO EMERALD.modules.Preproc 
2022-08-12 09:30:50,323 INFO EMERALD EMERALD process
2022-08-12 09:30:50,643 WARNING py.warnings /Users/fragoso/miniconda3/envs/emeraldbgc/lib/python3.9/site-packages/sklearn/base.py:310: UserWarning: Trying to unpickle estimator DecisionTreeClassifier from version 0.24.1 when using version 0.24.2. This might lead to breaking code or invalid results. Use at your own risk.
  warnings.warn(

2022-08-12 09:30:50,647 WARNING py.warnings /Users/fragoso/miniconda3/envs/emeraldbgc/lib/python3.9/site-packages/sklearn/base.py:310: UserWarning: Trying to unpickle estimator RandomForestClassifier from version 0.24.1 when using version 0.24.2. This might lead to breaking code or invalid results. Use at your own risk.
  warnings.warn(

2022-08-12 09:30:50,784 INFO EMERALD transform interpro file
2022-08-12 09:30:50,784 INFO EMERALD transform inhouse hmm file
2022-08-12 09:30:50,784 INFO EMERALD.modules.BGCdetection processing /Users/fragoso/Work/emeraldBGC/BGC0001472.fna.emerald/BGC0001472.fna.prodigal.faa.emerald.tsv
2022-08-12 09:30:50,784 INFO EMERALD transform proteins file
2022-08-12 09:30:50,785 INFO EMERALD transform dicts to np matrices
2022-08-12 09:30:50,785 INFO EMERALD predict bgc regions
2022-08-12 09:30:50,785 INFO EMERALD.modules.BGCdetection Predict BGC probability w/ TensorFlow
2022-08-12 09:30:51,209 WARNING py.warnings /Users/fragoso/Work/emeraldBGC/./emeraldbgc/modules/BGCdetection.py:189: VisibleDeprecationWarning: Creating an ndarray from ragged nested sequences (which is a list-or-tuple of lists-or-tuples-or ndarrays with different lengths or shapes) is deprecated. If you meant to do this, you must specify 'dtype=object' when creating the ndarray
  scuash = np.array(list(map(lambda x: np.where(x == 1)[0], mat)))

2022-08-12 09:30:51,675 INFO EMERALD define clusters
2022-08-12 09:30:51,675 INFO EMERALD score: None greed: 1
2022-08-12 09:30:51,675 INFO EMERALD.modules.BGCdetection Define Clusters
2022-08-12 09:30:51,675 INFO EMERALD post-processing filters and type classification
2022-08-12 09:30:51,675 INFO EMERALD.modules.BGCdetection Predict BGC classes
2022-08-12 09:30:51,675 INFO EMERALD.modules.BGCdetection Positive class model threshold: 0.38867799999999997
2022-08-12 09:30:51,675 INFO EMERALD.modules.BGCdetection type:0.38867799999999997 score 0.855
2022-08-12 09:30:51,737 INFO EMERALD write output file file
2022-08-12 09:30:51,737 INFO EMERALD.modules.WriteOutput build GFF3
2022-08-12 09:30:51,737 INFO EMERALD.modules.WriteOutput /Users/fragoso/Work/emeraldBGC/BGC0001472.fna.emerald/BGC0001472.fna.emerald.full.gff
2022-08-12 09:30:51,738 INFO EMERALD.modules.WriteOutput Writing output to file /Users/fragoso/Work/emeraldBGC/BGC0001472.fna.emerald/BGC0001472.fna.emerald.full.gff
2022-08-12 09:30:51,738 INFO EMERALD EMERALD succesful
